init

WC_Cart Object
(
    [cart_contents] => Array
        (
        )

    [removed_cart_contents] => Array
        (
        )

    [applied_coupons] => Array
        (
        )

    [shipping_methods:protected] => 
    [default_totals:protected] => Array
        (
            [subtotal] => 0
            [subtotal_tax] => 0
            [shipping_total] => 0
            [shipping_tax] => 0
            [shipping_taxes] => Array
                (
                )

            [discount_total] => 0
            [discount_tax] => 0
            [cart_contents_total] => 0
            [cart_contents_tax] => 0
            [cart_contents_taxes] => Array
                (
                )

            [fee_total] => 0
            [fee_tax] => 0
            [fee_taxes] => Array
                (
                )

            [total] => 0
            [total_tax] => 0
        )

    [totals:protected] => Array
        (
        )

    [session:protected] => WC_Cart_Session Object
        (
            [cart:protected] => WC_Cart Object
 *RECURSION*
        )

    [fees_api:protected] => WC_Cart_Fees Object
        (
            [fees:WC_Cart_Fees:private] => Array
                (
                )

            [cart:WC_Cart_Fees:private] => WC_Cart Object
 *RECURSION*
            [default_fee_props:WC_Cart_Fees:private] => Array
                (
                    [id] => 
                    [name] => 
                    [tax_class] => 
                    [taxable] => 
                    [amount] => 0
                    [total] => 0
                )

        )

    [cart_session_data] => Array
        (
            [cart_contents_total] => 0
            [total] => 0
            [subtotal] => 0
            [subtotal_ex_tax] => 0
            [tax_total] => 0
            [taxes] => Array
                (
                )

            [shipping_taxes] => Array
                (
                )

            [discount_cart] => 0
            [discount_cart_tax] => 0
            [shipping_total] => 0
            [shipping_tax_total] => 0
            [coupon_discount_amounts] => Array
                (
                )

            [coupon_discount_tax_amounts] => Array
                (
                )

            [fee_total] => 0
            [fees] => Array
                (
                )

        )

    [coupon_applied_count] => Array
        (
        )

)

Array
(
)

Array
(
    [SERVER_SOFTWARE] => Apache/2.4.57 (Debian)
    [REQUEST_URI] => /checkout/?ror_key=t_17b65e79129239498b628ac4b6c4e0&ror_state=30
    [WP_REDIS_DISABLED] => 0
    [USER] => pzpttajqme
    [HOME] => /home/583611.cloudwaysapps.com/pzpttajqme
    [SCRIPT_NAME] => /index.php
    [QUERY_STRING] => ror_key=t_17b65e79129239498b628ac4b6c4e0&ror_state=30
    [REQUEST_METHOD] => POST
    [SERVER_PROTOCOL] => HTTP/1.0
    [GATEWAY_INTERFACE] => CGI/1.1
    [REDIRECT_QUERY_STRING] => ror_key=t_17b65e79129239498b628ac4b6c4e0&ror_state=30
    [REDIRECT_URL] => /checkout/
    [REMOTE_PORT] => 25240
    [SCRIPT_FILENAME] => /home/583611.cloudwaysapps.com/pzpttajqme/public_html/index.php
    [SERVER_ADMIN] => [no address given]
    [CONTEXT_DOCUMENT_ROOT] => /home/583611.cloudwaysapps.com/pzpttajqme/public_html/
    [CONTEXT_PREFIX] => 
    [REQUEST_SCHEME] => http
    [DOCUMENT_ROOT] => /home/583611.cloudwaysapps.com/pzpttajqme/public_html/
    [REMOTE_ADDR] => 144.202.79.142
    [SERVER_PORT] => 80
    [SERVER_ADDR] => 127.0.0.1
    [SERVER_NAME] => tinderae.com
    [SERVER_SIGNATURE] => <address>Apache/2.4.57 (Debian) Server at tinderae.com Port 80</address>

    [PATH] => /usr/local/sbin:/usr/local/bin:/usr/sbin:/usr/bin:/sbin:/bin
    [HTTP_X_VARNISH] => 3870289
    [HTTP_HOST] => tinderae.com
    [HTTP_X_FORWARDED_FOR] => 144.202.79.142
    [HTTP_COOKIE] => 
    [CONTENT_TYPE] => application/x-www-form-urlencoded
    [HTTP_CLIENT_IP] => 123.235.61.54
    [HTTP_USER_AGENT] => Mozilla/5.0 (compatible; MSIE 10.0; Windows NT 6.2; WOW64; Trident/6.0)
    [HTTP_ACCEPT_LANGUAGE] => zh-Hans-CN,zh-Hans;q=0.8,en-US;q=0.5,en;q=0.3
    [HTTP_PRAGMA] => no-cache
    [HTTP_ACCEPT] => text/html, application/xhtml+xml, */*
    [CONTENT_LENGTH] => 0
    [HTTP_CONNECTION] => close
    [HTTP_X_VERSION] => 710
    [HTTP_X_APP_USER] => pzpttajqme
    [HTTP_X_APPLICATION] => woocommerce
    [HTTP_X_FORWARDED_HOST] => tinderae.com
    [HTTP_X_FORWARDED_PROTO] => https
    [HTTP_X_REAL_IP] => 144.202.79.142
    [BREEZE_BROWSER_CACHE_ON] => 1
    [BREEZE_GZIP_ON] => 1
    [SCRIPT_URI] => http://tinderae.com/checkout/
    [SCRIPT_URL] => /checkout/
    [HTTP_AUTHORIZATION] => 
    [HTTPS] => on
    [cw_allowed_ip] => 0
    [REDIRECT_STATUS] => 200
    [REDIRECT_BREEZE_BROWSER_CACHE_ON] => 1
    [REDIRECT_BREEZE_GZIP_ON] => 1
    [REDIRECT_SCRIPT_URI] => http://tinderae.com/checkout/
    [REDIRECT_SCRIPT_URL] => /checkout/
    [REDIRECT_HTTP_AUTHORIZATION] => 
    [REDIRECT_HTTPS] => on
    [REDIRECT_cw_allowed_ip] => 0
    [FCGI_ROLE] => RESPONDER
    [PHP_SELF] => /index.php
    [REQUEST_TIME_FLOAT] => 1687570870.5531
    [REQUEST_TIME] => 1687570870
)

Array
(
)

